Exporting package to 'D:\TiTo\Facultad\Ingeniera de Software\Walkers of the city\branches\tito\b2\Doc\B - Requerimientos\Diagrama de requerimientos\newREQmodel.xml'
Retrieving data for export: diagram elements
Retrieving data for export: links
Retrieving data for export: constraints
Retrieving data for export: attribute tagged values
Retrieving data for export: operation tagged values
Retrieving data for export: operation parameter tagged values
Retrieving data for export: connector tagged values
Completed data retrieval
Pre-processing export tree...
Completed pre-processing
Processing package: Requirements Model
Element:0: Non-Functional Requirements
Element:1: Functional Requirements
Element:2: $help://requirements_model_pattern.htm
Diagram: Requirements Model
Processing package: Functional Requirements
Element:3: Partidas
Element:4: Sopa de letras
Element:5: Servidor
Element:6: Ciudad
Element:7: Cliente
Diagram: Functional Requirements
Processing package: Cliente
Element:8: Interfaz grafica
Element:9: 
Diagram: Cliente
Processing package: Servidor
Element:10: Control de logica de autos y semaforos
Element:11: Resguardo de datos de todo el juego en general
Element:12: 
Element:13: 
Diagram: Servidor
Processing package: Partidas
Element:14: 
Element:15: REQ 1.1.3 Cuando se inicia una partida
Element:16: 
Element:17: REQ 1.1.6 Abandonar una partida
Element:18: REQ 1.1.5 Unirse a una partida
Element:19: 
Element:20: REQ 1.1.10 Ganador y tabla de posiciones
Element:21: REQ 1.1.8 Cuando un jugador termina una partida
Element:22: 
Element:23: 
Element:24: REQ 1.1.9 Cuando finaliza una partida
Element:25: 
Element:26: REQ 1.1.1 Crear la partida
Element:27: 
Element:28: REQ 1.1.7 Que ocurre cuando un jugador termina una partida
Element:29: REQ 1.1.2 Establecer la capacidad de jugadores que admite la partida
Element:30: 
Element:31: REQ 1.1.4 Que ocurre al iniciar una partida
Element:32: 
Element:33: 
Diagram: Partidas
Processing package: Ciudad
Element:34: REQ 1.3.10 Cuando se gana la etapa
Element:35: REQ 1.3.3 Prioridad en los cruces
Element:36: REQ 1.3.8 Velocidad de autos
Element:37: 
Element:38: 
Element:39: 
Element:40: REQ 1.3.6 Que ocurre cuando un jugador es atropellado
Element:41: 
Element:42: REQ 1.3.7 Cantidad de autos
Element:43: 
Element:44: REQ 1.3.5 Autos / Semaforos
Element:45: REQ 1.3.11 Cuando un jugador es atropellado
Element:46: 
Element:47: 
Element:48: REQ 1.3.9 Movimientos de los autos
Element:49: 1.3.2 Responsabilidades del sistema
Element:50: 
Element:51: 
Element:52: 
Element:53: REQ 1.3.4 Autos / Autos
Element:54: 
Element:55: REQ 1.3.1 Interfaz
Diagram: Ciudad
Processing package: Sopa de letras
Element:56: 
Element:57: REQ 1.2.1 Interfaz
Element:58: REQ 1.2.2 Que ocurre al resolver la sopa de letras
Element:59: REQ 1.2.3 Contenido de la sopa de letras
Element:60: 
Element:61: REQ 1.2.4 Cuando se resuleve la sopa de letras
Element:62: 
Element:63: 
Diagram: Sopa de letras
Processing package: Non-Functional Requirements
Element:64: Concurrencia
Element:65: General
Diagram: Non-Functional Requirements
Processing package: Concurrencia
Element:66: 
Element:67: REQ 2.1.3 Interbloqueos
Element:68: 
Element:69: REQ 2.1.2 Inanicion
Diagram: Concurrencia
Processing package: General
Element:70: 
Element:71: REQ 2.1.1 Duracion maxima de una partida
Diagram: General
Formatting output XML...please wait
XMI Document Export Complete!
