
Importing Model from XMI
Root Package: Dynamic View
Add Classifier: 
Add Classifier: 
Add Classifier: 
Add Classifier: 
Add Classifier: 
Add Classifier: Iniciar partida
Add Classifier: 
Add Classifier: 
Add Classifier: Game Master
Add Classifier: 
Add Classifier: 
Add Classifier: 
Add Classifier: Player
Add Classifier: 
Add Classifier: 
Add Classifier: 
Add Classifier Role: Mapa
Add Classifier Role: MetaMonitor
Add Classifier Role: Cruce
Add Classifier Role: Semaforo
Add Classifier Role: Monitor
Add Classifier Role: Auto
Add Classifier Role: car
Add Classifier Role: Auto
Add Classifier Role: Monitor
Add Classifier Role: Server
Add Classifier Role: Client
Add Classifier Role: Mapa
Add Classifier Role: Graphic Interface
Add State: 
Add State: 
Add State: 
Add State: Ubicacion del usuario en punto de inicio
Add State: Unirse a partida
Add State: Crear Partida
Add State: Jugar en sopa de letras
Add State: 
Add State: 
Add State: Iniciar partida
Add State: Activity1
Add State: 
Add State: 
Add State: Movimiento en el mapa(autos)
Add State: 
Add State: Mostrar resultados
Add State: 
Add State: ActivityInitial
Add State: 
Add State: 
Add State: 
Add State: detencion en esquina
Add State: generar 50 autos
Add State: 
Add State: Movimiento en el mapa
Add State: Espera de jugadores
Add State: Jugar en el mapa
Resolving Classifiers
Resolving Owners
Resolve Package Links
Add Extensions
Add Diagrams
Adding Diagram : create_join_game
Adding Diagram : create_start_game
Adding Diagram : move_in_the_city
Adding Diagram : refresh_GI
Adding Diagram : move_car
Adding Diagram : soup
Adding Diagram : general
Adding Diagram : juego_en_el_mapa
Adding Diagram : movimiento_auto
Adding Diagram : movimiento_auto_2
Resolving DiagramIDs
Resolving Association Classes
Resolving Parameter Types
Resolving Attribute Types
Resolving Note links
Fixup external references
Import Complete!
