
Importing Model from XMI
Root Package: Requirements Model
Add Classifier: $help://requirements_model_pattern.htm
Add Classifier Role: Non-Functional Requirements
Add Classifier Role: Functional Requirements
Append Package: Functional Requirements
Add Classifier Role: Partidas
Add Classifier Role: Sopa de letras
Add Classifier Role: Servidor
Add Classifier Role: Ciudad
Add Classifier Role: Cliente
Append Package: Cliente
Add Classifier: 
Add Classifier Role: Interfaz grafica
Append Package: Servidor
Add Classifier: 
Add Classifier: 
Add Classifier Role: Control de logica de autos y semaforos
Add Classifier Role: Resguardo de datos de todo el juego en general
Append Package: Partidas
Add Classifier: 
Add Classifier: 
Add Classifier: 
Add Classifier: 
Add Classifier: 
Add Classifier: 
Add Classifier: 
Add Classifier: 
Add Classifier: 
Add Classifier: 
Add Classifier Role: REQ 1.1.3 Cuando se inicia una partida
Add Classifier Role: REQ 1.1.6 Abandonar una partida
Add Classifier Role: REQ 1.1.5 Unirse a una partida
Add Classifier Role: REQ 1.1.10 Ganador y tabla de posiciones
Add Classifier Role: REQ 1.1.8 Cuando un jugador termina una partida
Add Classifier Role: REQ 1.1.9 Cuando finaliza una partida
Add Classifier Role: REQ 1.1.1 Crear la partida
Add Classifier Role: REQ 1.1.7 Que ocurre cuando un jugador termina una partida
Add Classifier Role: REQ 1.1.2 Establecer la capacidad de jugadores que admite la partida
Add Classifier Role: REQ 1.1.4 Que ocurre al iniciar una partida
Append Package: Ciudad
Add Classifier: 
Add Classifier: 
Add Classifier: 
Add Classifier: 
Add Classifier: 
Add Classifier: 
Add Classifier: 
Add Classifier: 
Add Classifier: 
Add Classifier: 
Add Classifier: 
Add Classifier Role: REQ 1.3.10 Cuando se gana la etapa
Add Classifier Role: REQ 1.3.3 Prioridad en los cruces
Add Classifier Role: REQ 1.3.8 Velocidad de autos
Add Classifier Role: REQ 1.3.6 Que ocurre cuando un jugador es atropellado
Add Classifier Role: REQ 1.3.7 Cantidad de autos
Add Classifier Role: REQ 1.3.5 Autos / Semaforos
Add Classifier Role: REQ 1.3.11 Cuando un jugador es atropellado
Add Classifier Role: REQ 1.3.9 Movimientos de los autos
Add Classifier Role: 1.3.2 Responsabilidades del sistema
Add Classifier Role: REQ 1.3.4 Autos / Autos
Add Classifier Role: REQ 1.3.1 Interfaz
Append Package: Sopa de letras
Add Classifier: 
Add Classifier: 
Add Classifier: 
Add Classifier: 
Add Classifier Role: REQ 1.2.1 Interfaz
Add Classifier Role: REQ 1.2.2 Que ocurre al resolver la sopa de letras
Add Classifier Role: REQ 1.2.3 Contenido de la sopa de letras
Add Classifier Role: REQ 1.2.4 Cuando se resuleve la sopa de letras
Append Package: Non-Functional Requirements
Add Classifier Role: Concurrencia
Add Classifier Role: General
Append Package: Concurrencia
Add Classifier: 
Add Classifier: 
Add Classifier Role: REQ 2.1.3 Interbloqueos
Add Classifier Role: REQ 2.1.2 Inanicion
Append Package: General
Add Classifier: 
Add Classifier Role: REQ 2.1.1 Duracion maxima de una partida
Resolving Classifiers
Resolving Owners
Resolve Package Links
Add Extensions
Add Diagrams
Adding Diagram : Requirements Model
Adding Diagram : Functional Requirements
Adding Diagram : Cliente
Adding Diagram : Servidor
Adding Diagram : Partidas
Adding Diagram : Ciudad
Adding Diagram : Sopa de letras
Adding Diagram : Non-Functional Requirements
Adding Diagram : Concurrencia
Adding Diagram : General
Resolving DiagramIDs
Resolving Association Classes
Resolving Parameter Types
Resolving Attribute Types
Resolving Note links
Fixup external references
Import Complete!
