
Importing Model from XMI
Root Package: Model
Add Classifier: Ciudad
Add Classifier: Cliente
Add Classifier: Interfaz grafica
Add Classifier: Servidor
Add Classifier: Sopa de letras
Add Classifier: $help://requirements_model_pattern.htm
Add Classifier: 
Add Classifier: 
Add Classifier: 
Add Classifier: 
Add Classifier: 
Add Classifier: 
Add Classifier: 
Add Classifier: 
Add Classifier: 
Add Classifier: 
Add Classifier: REQ 1.1.1 Crear la partida
Add Classifier: REQ 1.1.10 Ganador y tabla de posiciones
Add Classifier: REQ 1.1.2 Establecer la capacidad de jugadores que admite la partida
Add Classifier: REQ 1.1.3 Cuando se inicia una partida
Add Classifier: REQ 1.1.4 Que ocurre al iniciar una partida
Add Classifier: REQ 1.1.5 Unirse a una partida
Add Classifier: REQ 1.1.6 Abandonar una partida
Add Classifier: REQ 1.1.7 Que ocurre cuando un jugador termina una partida
Add Classifier: REQ 1.1.8 Cuando un jugador termina una partida
Add Classifier: REQ 1.1.9 Cuando finaliza una partida
Add Classifier: 
Add Classifier: 
Add Classifier: 
Add Classifier: 
Add Classifier: 
Add Classifier: 
Add Classifier: 
Add Classifier: 
Add Classifier: 
Add Classifier: 
Add Classifier: 
Add Classifier: 1.3.2 Responsabilidades del sistema
Add Classifier: REQ 1.3.1 Interfaz
Add Classifier: REQ 1.3.10 Cuando se gana la etapa
Add Classifier: REQ 1.3.11 Cuando un jugador es atropellado
Add Classifier: REQ 1.3.3 Prioridad en los cruces
Add Classifier: REQ 1.3.4 Autos / Autos
Add Classifier: REQ 1.3.5 Autos / Semaforos
Add Classifier: REQ 1.3.6 Que ocurre cuando un jugador es atropellado
Add Classifier: REQ 1.3.7 Cantidad de autos
Add Classifier: REQ 1.3.8 Velocidad de autos
Add Classifier: REQ 1.3.9 Movimientos de los autos
Add Classifier: 
Add Classifier: 
Add Classifier: 
Add Classifier: 
Add Classifier: REQ 1.2.1 Interfaz
Add Classifier: REQ 1.2.2 Que ocurre al resolver la sopa de letras
Add Classifier: REQ 1.2.3 Contenido de la sopa de letras
Add Classifier: REQ 1.2.4 Cuando se resuleve la sopa de letras
Add Classifier: 
Add Classifier: 
Add Classifier: REQ 2.1.2 Inanicion
Add Classifier: REQ 2.1.3 Interbloqueos
Add Classifier: 
Add Classifier: REQ 2.1.1 Duracion maxima de una partida
Resolving Classifiers
Resolving Owners
Resolving Attribute Types
Resolving Parameter Types
Resolving Association-Classes
Resolving Note links
Add Diagrams
Resolving DiagramIDs
Fixup external references
Import Complete!
