Exporting package to 'C:\Users\Marcos\Desktop\tortoise\trunk\Doc\B - Requerimientos\Diagrama de requerimientos\model.xml'
Retrieving data for export: diagram elements
Retrieving data for export: links
Retrieving data for export: constraints
Retrieving data for export: attribute tagged values
Retrieving data for export: operation tagged values
Retrieving data for export: operation parameter tagged values
Retrieving data for export: connector tagged values
Completed data retrieval
Pre-processing export tree...
Completed pre-processing
Processing package: Model
Processing package: Arquitectura
Diagram: Arquitectura
Element:0: Ciudad
Element:1: Cliente
Element:2: Interfaz grafica
Element:3: Servidor
Element:4: Sopa de letras
Processing package: Requirements Model
Diagram: Requirements Model
Element:5: $help://requirements_model_pattern.htm
Processing package: Functional Requirements
Diagram: Functional Requirements
Processing package: Partidas
Diagram: Partidas
Element:6: REQ 1.1.1 Crear la partida
Element:7: REQ 1.1.10 Ganador y tabla de posiciones
Element:8: REQ 1.1.2 Establecer la capacidad de jugadores que admite la partida
Element:9: REQ 1.1.3 Cuando se inicia una partida
Element:10: REQ 1.1.4 Que ocurre al iniciar una partida
Element:11: REQ 1.1.5 Unirse a una partida
Element:12: REQ 1.1.6 Abandonar una partida
Element:13: REQ 1.1.7 Que ocurre cuando un jugador termina una partida
Element:14: REQ 1.1.8 Cuando un jugador termina una partida
Element:15: REQ 1.1.9 Cuando finaliza una partida
Element:16: 
Element:17: 
Element:18: 
Element:19: 
Element:20: 
Element:21: 
Element:22: 
Element:23: 
Element:24: 
Element:25: 
Processing package: Ciudad
Diagram: Ciudad
Element:26: 1.3.2 Responsabilidades del sistema
Element:27: REQ 1.3.1 Interfaz
Element:28: REQ 1.3.10 Cuando se gana la etapa
Element:29: REQ 1.3.11 Cuando un jugador es atropellado
Element:30: REQ 1.3.3 Prioridad en los cruces
Element:31: REQ 1.3.4 Autos / Autos
Element:32: REQ 1.3.5 Autos / Semaforos
Element:33: REQ 1.3.6 Que ocurre cuando un jugador es atropellado
Element:34: REQ 1.3.7 Cantidad de autos
Element:35: REQ 1.3.8 Velocidad de autos
Element:36: REQ 1.3.9 Movimientos de los autos
Element:37: 
Element:38: 
Element:39: 
Element:40: 
Element:41: 
Element:42: 
Element:43: 
Element:44: 
Element:45: 
Element:46: 
Element:47: 
Processing package: Sopa de letras
Diagram: Sopa de letras
Element:48: REQ 1.2.1 Interfaz
Element:49: REQ 1.2.2 Que ocurre al resolver la sopa de letras
Element:50: REQ 1.2.3 Contenido de la sopa de letras
Element:51: REQ 1.2.4 Cuando se resuleve la sopa de letras
Element:52: 
Element:53: 
Element:54: 
Element:55: 
Processing package: Non-Functional Requirements
Diagram: Non-Functional Requirements
Processing package: Concurrencia
Diagram: Concurrencia
Element:56: REQ 2.1.2 Inanicion
Element:57: REQ 2.1.3 Interbloqueos
Element:58: 
Element:59: 
Processing package: General
Diagram: General
Element:60: REQ 2.1.1 Duracion maxima de una partida
Element:61: 
Sequencing Interaction Diagrams
Formatting output XML...please wait
XMI Document Export Complete!
