Exporting package to 'C:\Users\Marcos\Desktop\tortoise\trunk\Doc\B - Requerimientos\Diagrama de requerimientos\req.xml'
Retrieving data for export: diagram elements
Retrieving data for export: links
Retrieving data for export: constraints
Retrieving data for export: attribute tagged values
Retrieving data for export: operation tagged values
Retrieving data for export: operation parameter tagged values
Retrieving data for export: connector tagged values
Completed data retrieval
Pre-processing export tree...
Completed pre-processing
Processing package: Requirements Model
Diagram: Requirements Model
Element:0: $help://requirements_model_pattern.htm
Processing package: Functional Requirements
Diagram: Functional Requirements
Processing package: Partidas
Diagram: Partidas
Element:1: REQ 1.1.1 Crear la partida
Element:2: REQ 1.1.10 Ganador y tabla de posiciones
Element:3: REQ 1.1.2 Establecer la capacidad de jugadores que admite la partida
Element:4: REQ 1.1.3 Cuando se inicia una partida
Element:5: REQ 1.1.4 Que ocurre al iniciar una partida
Element:6: REQ 1.1.5 Unirse a una partida
Element:7: REQ 1.1.6 Abandonar una partida
Element:8: REQ 1.1.7 Que ocurre cuando un jugador termina una partida
Element:9: REQ 1.1.8 Cuando un jugador termina una partida
Element:10: REQ 1.1.9 Cuando finaliza una partida
Element:11: 
Element:12: 
Element:13: 
Element:14: 
Element:15: 
Element:16: 
Element:17: 
Element:18: 
Element:19: 
Element:20: 
Processing package: Ciudad
Diagram: Ciudad
Element:21: 1.3.2 Responsabilidades del sistema
Element:22: REQ 1.3.1 Interfaz
Element:23: REQ 1.3.10 Cuando se gana la etapa
Element:24: REQ 1.3.11 Cuando un jugador es atropellado
Element:25: REQ 1.3.3 Prioridad en los cruces
Element:26: REQ 1.3.4 Autos / Autos
Element:27: REQ 1.3.5 Autos / Semaforos
Element:28: REQ 1.3.6 Que ocurre cuando un jugador es atropellado
Element:29: REQ 1.3.7 Cantidad de autos
Element:30: REQ 1.3.8 Velocidad de autos
Element:31: REQ 1.3.9 Movimientos de los autos
Element:32: 
Element:33: 
Element:34: 
Element:35: 
Element:36: 
Element:37: 
Element:38: 
Element:39: 
Element:40: 
Element:41: 
Element:42: 
Processing package: Sopa de letras
Diagram: Sopa de letras
Element:43: REQ 1.2.1 Interfaz
Element:44: REQ 1.2.2 Que ocurre al resolver la sopa de letras
Element:45: REQ 1.2.3 Contenido de la sopa de letras
Element:46: REQ 1.2.4 Cuando se resuleve la sopa de letras
Element:47: 
Element:48: 
Element:49: 
Element:50: 
Processing package: Non-Functional Requirements
Diagram: Non-Functional Requirements
Processing package: Concurrencia
Diagram: Concurrencia
Element:51: REQ 2.1.2 Inanicion
Element:52: REQ 2.1.3 Interbloqueos
Element:53: 
Element:54: 
Processing package: General
Diagram: General
Element:55: REQ 2.1.1 Duracion maxima de una partida
Element:56: 
Sequencing Interaction Diagrams
Formatting output XML...please wait
XMI Document Export Complete!
